Start testing: Jul 27 23:27 IST
----------------------------------------------------------
1/1 Testing: uberride_tests
1/1 Test: uberride_tests
Command: "/Users/saarthakarora/Documents/System_design/lld/UberRide/build/uberride_tests"
Directory: /Users/saarthakarora/Documents/System_design/lld/UberRide/build
"uberride_tests" start time: Jul 27 23:27 IST
Output:
----------------------------------------------------------
<end of output>
Test time =   0.49 sec
----------------------------------------------------------
Test Passed.
"uberride_tests" end time: Jul 27 23:27 IST
"uberride_tests" time elapsed: 00:00:00
----------------------------------------------------------

End testing: Jul 27 23:27 IST
